[04/23/2010 7:40 AM] - SUCCESS!
NVP POST Vars from Paypal:
L_AMT0=195.92
L_CURRENCYCODE0=USD
TIMESTAMP=2010-04-23T07:40:08Z
CORRELATIONID=8a865849ad580
ACK=Success
VERSION=62.0
BUILD=1268624


[04/23/2010 7:41 AM] - SUCCESS!
NVP POST Vars from Paypal:
L_AMT0=195.92
L_CURRENCYCODE0=USD
TIMESTAMP=2010-04-23T07:41:51Z
CORRELATIONID=36e1bdb8124d5
ACK=Success
VERSION=62.0
BUILD=1268624


[04/23/2010 7:46 AM] - SUCCESS!
NVP POST Vars from Paypal:
L_AMT0=195.92
L_CURRENCYCODE0=USD
TIMESTAMP=2010-04-23T07:46:47Z
CORRELATIONID=560d44c899544
ACK=Success
VERSION=62.0
BUILD=1268624


[04/23/2010 7:48 AM] - SUCCESS!
NVP POST Vars from Paypal:
L_AMT0=195.92
L_CURRENCYCODE0=USD
TIMESTAMP=2010-04-23T07:48:04Z
CORRELATIONID=18d758711bb4f
ACK=Success
VERSION=62.0
BUILD=1268624


[04/26/2010 3:00 AM] - SUCCESS!
NVP POST Vars from Paypal:
L_AMT0=195.92
L_CURRENCYCODE0=USD
TIMESTAMP=2010-04-26T03:00:41Z
CORRELATIONID=50d29bb1ba35
ACK=Success
VERSION=62.0
BUILD=1268624


[04/26/2010 3:02 AM] - SUCCESS!
NVP POST Vars from Paypal:
L_AMT0=195.92
L_CURRENCYCODE0=USD
TIMESTAMP=2010-04-26T03:02:15Z
CORRELATIONID=d170cf42218de
ACK=Success
VERSION=62.0
BUILD=1268624


[04/26/2010 3:02 AM] - SUCCESS!
NVP POST Vars from Paypal:
L_AMT0=195.92
L_CURRENCYCODE0=USD
TIMESTAMP=2010-04-26T03:02:38Z
CORRELATIONID=fbf8c3cf73b71
ACK=Success
VERSION=62.0
BUILD=1268624


[04/26/2010 3:07 AM] - SUCCESS!
NVP POST Vars from Paypal:
L_AMT0=195.92
L_CURRENCYCODE0=USD
TIMESTAMP=2010-04-26T03:07:58Z
CORRELATIONID=f6db8efce98b0
ACK=Success
VERSION=62.0
BUILD=1268624


[04/26/2010 3:08 AM] - SUCCESS!
NVP POST Vars from Paypal:
L_AMT0=195.92
L_CURRENCYCODE0=USD
TIMESTAMP=2010-04-26T03:08:52Z
CORRELATIONID=14dc2fea69d15
ACK=Success
VERSION=62.0
BUILD=1268624


[04/26/2010 3:15 AM] - SUCCESS!
NVP POST Vars from Paypal:
L_AMT0=195.92
L_CURRENCYCODE0=USD
TIMESTAMP=2010-04-26T03:15:55Z
CORRELATIONID=6310a9e3b000d
ACK=Success
VERSION=62.0
BUILD=1268624


[04/26/2010 3:16 AM] - SUCCESS!
NVP POST Vars from Paypal:
L_AMT0=195.92
L_CURRENCYCODE0=USD
TIMESTAMP=2010-04-26T03:16:15Z
CORRELATIONID=ef04748a5e33b
ACK=Success
VERSION=62.0
BUILD=1268624


[04/26/2010 3:16 AM] - SUCCESS!
NVP POST Vars from Paypal:
L_AMT0=195.92
L_CURRENCYCODE0=USD
TIMESTAMP=2010-04-26T03:16:22Z
CORRELATIONID=1dff7aa8b6945
ACK=Success
VERSION=62.0
BUILD=1268624


[04/26/2010 3:18 AM] - SUCCESS!
NVP POST Vars from Paypal:
L_AMT0=195.92
L_CURRENCYCODE0=USD
TIMESTAMP=2010-04-26T03:18:03Z
CORRELATIONID=85bbdd425432d
ACK=Success
VERSION=62.0
BUILD=1268624


[04/26/2010 6:25 AM] - SUCCESS!
NVP POST Vars from Paypal:
L_AMT0=195.92
L_CURRENCYCODE0=USD
TIMESTAMP=2010-04-26T06:25:49Z
CORRELATIONID=ac2ff998b683a
ACK=Success
VERSION=62.0
BUILD=1268624


[04/26/2010 6:25 AM] - SUCCESS!
NVP POST Vars from Paypal:
L_AMT0=195.92
L_CURRENCYCODE0=USD
TIMESTAMP=2010-04-26T06:25:55Z
CORRELATIONID=3036a93077756
ACK=Success
VERSION=62.0
BUILD=1268624


[04/26/2010 7:04 AM] - SUCCESS!
NVP POST Vars from Paypal:
L_AMT0=195.92
L_CURRENCYCODE0=USD
TIMESTAMP=2010-04-26T07:04:55Z
CORRELATIONID=4cc3e38a64eac
ACK=Success
VERSION=62.0
BUILD=1268624


[04/26/2010 7:05 AM] - SUCCESS!
NVP POST Vars from Paypal:
L_AMT0=195.92
L_CURRENCYCODE0=USD
TIMESTAMP=2010-04-26T07:05:43Z
CORRELATIONID=41d6276365215
ACK=Success
VERSION=62.0
BUILD=1268624


[04/26/2010 7:06 AM] - SUCCESS!
NVP POST Vars from Paypal:
L_AMT0=195.92
L_CURRENCYCODE0=USD
TIMESTAMP=2010-04-26T07:06:33Z
CORRELATIONID=ad903a01a01f0
ACK=Success
VERSION=62.0
BUILD=1268624


